mode: set
github.com/fern4lvarez/apto/apto/aptofile.go:19.50,22.16 3 1
github.com/fern4lvarez/apto/apto/aptofile.go:25.2,25.22 1 1
github.com/fern4lvarez/apto/apto/aptofile.go:22.16,24.3 1 1
github.com/fern4lvarez/apto/apto/aptofile.go:28.58,29.16 1 1
github.com/fern4lvarez/apto/apto/aptofile.go:38.2,38.12 1 1
github.com/fern4lvarez/apto/apto/aptofile.go:29.16,31.3 1 1
github.com/fern4lvarez/apto/apto/aptofile.go:31.4,33.17 2 1
github.com/fern4lvarez/apto/apto/aptofile.go:36.3,36.27 1 1
github.com/fern4lvarez/apto/apto/aptofile.go:33.17,35.4 1 1
github.com/fern4lvarez/apto/apto/aptofile.go:41.28,43.2 1 0
github.com/fern4lvarez/apto/apto/command.go:22.104,23.16 1 1
github.com/fern4lvarez/apto/apto/command.go:29.2,29.54 1 1
github.com/fern4lvarez/apto/apto/command.go:23.16,25.3 1 1
github.com/fern4lvarez/apto/apto/command.go:25.4,25.22 1 1
github.com/fern4lvarez/apto/apto/command.go:25.22,27.3 1 1
github.com/fern4lvarez/apto/apto/command.go:33.41,35.26 2 1
github.com/fern4lvarez/apto/apto/command.go:39.2,44.30 5 1
github.com/fern4lvarez/apto/apto/command.go:49.2,49.33 1 1
github.com/fern4lvarez/apto/apto/command.go:54.2,54.40 1 1
github.com/fern4lvarez/apto/apto/command.go:35.26,37.3 1 1
github.com/fern4lvarez/apto/apto/command.go:44.30,47.3 2 1
github.com/fern4lvarez/apto/apto/command.go:49.33,52.3 2 1
github.com/fern4lvarez/apto/apto/execute.go:10.38,15.36 4 1
github.com/fern4lvarez/apto/apto/execute.go:19.2,21.19 2 1
github.com/fern4lvarez/apto/apto/execute.go:15.36,17.3 1 1
github.com/fern4lvarez/apto/apto/install.go:7.35,9.16 2 1
github.com/fern4lvarez/apto/apto/install.go:13.2,13.25 1 0
github.com/fern4lvarez/apto/apto/install.go:9.16,11.3 1 1
github.com/fern4lvarez/apto/apto/install.go:16.54,21.20 5 1
github.com/fern4lvarez/apto/apto/install.go:24.2,26.51 2 1
github.com/fern4lvarez/apto/apto/install.go:21.20,23.3 1 1
